  C:freeglut.dll
  C:glew32.dll
  C:glew32s.dll
  3 File(s) copied
  C:glfw3.dll
  C:glfw3dll.dll
  C:glfw3_mt.dll
  3 File(s) copied
  C:SOIL.dll
  1 File(s) copied
  Bullet.cpp
  Collisions.cpp
  Colors.h
  GenericNPC.cpp
  glm.cpp
  main.cpp
C:\Users\stoic\source\repos\PlantsVsZombiesOpenGL\PlantsVsZombies\PlantsVsZombies\main.cpp(39,34): warning C4305: 'initializing': truncation from 'double' to 'float'
C:\Users\stoic\source\repos\PlantsVsZombiesOpenGL\PlantsVsZombies\PlantsVsZombies\main.cpp(39,46): warning C4305: 'initializing': truncation from 'double' to 'float'
C:\Users\stoic\source\repos\PlantsVsZombiesOpenGL\PlantsVsZombies\PlantsVsZombies\main.cpp(558,47): warning C4244: 'argument': conversion from 'GLfloat' to 'int', possible loss of data
C:\Users\stoic\source\repos\PlantsVsZombiesOpenGL\PlantsVsZombies\PlantsVsZombies\main.cpp(558,29): warning C4244: 'argument': conversion from 'GLfloat' to 'int', possible loss of data
  Plant.cpp
  Shared.cpp
  imageloader.cpp
  loadShaders.cpp
  Zombie.cpp
  Generating Code...
  glad.c
  LINK : C:\Users\stoic\source\repos\PlantsVsZombiesOpenGL\PlantsVsZombies\x64\Debug\PlantsVsZombies.exe not found or not built by the last incremental link; performing full link
  PlantsVsZombies.vcxproj -> C:\Users\stoic\source\repos\PlantsVsZombiesOpenGL\PlantsVsZombies\x64\Debug\PlantsVsZombies.exe
  0 File(s) copied
  0 File(s) copied
  0 File(s) copied
